  window.cpp
c:\users\100421055\desktop\wolfheim\fixed\spritelib2\spritelib\window.cpp(178): warning C4244: 'argument': conversion from 'int' to 'float', possible loss of data
c:\users\100421055\desktop\wolfheim\fixed\spritelib2\spritelib\window.cpp(183): warning C4244: 'argument': conversion from 'unsigned int' to 'float', possible loss of data
c:\users\100421055\desktop\wolfheim\fixed\spritelib2\spritelib\window.cpp(184): warning C4244: 'argument': conversion from 'unsigned int' to 'float', possible loss of data
  vector3.cpp
  text.cpp
  sprite.cpp
  shapes.cpp
  shader.cpp
  matrix4x4.cpp
  Player.cpp
c:\users\100421055\desktop\wolfheim\fixed\spritelib2\player.cpp(66): warning C4244: '=': conversion from 'int' to 'float', possible loss of data
c:\users\100421055\desktop\wolfheim\fixed\spritelib2\player.cpp(82): warning C4244: '=': conversion from 'double' to 'float', possible loss of data
  Object.cpp
  main.cpp
  Gun.cpp
  Entity.cpp
  Enemy.cpp
  Bullet.cpp
  Generating Code...
Gun.obj : error LNK2019: unresolved external symbol "public: __cdecl sf::Sound::Sound(void)" (??0Sound@sf@@QEAA@XZ) referenced in function "public: __cdecl Gun::Gun(class spritelib::math::Vector3)" (??0Gun@@QEAA@VVector3@math@spritelib@@@Z)
main.obj : error LNK2001: unresolved external symbol "public: __cdecl sf::Sound::Sound(void)" (??0Sound@sf@@QEAA@XZ)
Gun.obj : error LNK2019: unresolved external symbol "public: virtual __cdecl sf::Sound::~Sound(void)" (??1Sound@sf@@UEAA@XZ) referenced in function "int `public: __cdecl Gun::Gun(class spritelib::math::Vector3)'::`1'::dtor$3" (?dtor$3@?0???0Gun@@QEAA@VVector3@math@spritelib@@@Z@4HA)
main.obj : error LNK2001: unresolved external symbol "public: virtual __cdecl sf::Sound::~Sound(void)" (??1Sound@sf@@UEAA@XZ)
Gun.obj : error LNK2019: unresolved external symbol "public: void __cdecl sf::Sound::play(void)" (?play@Sound@sf@@QEAAXXZ) referenced in function "public: virtual class Entity & __cdecl Gun::Update(void)" (?Update@Gun@@UEAAAEAVEntity@@XZ)
main.obj : error LNK2001: unresolved external symbol "public: void __cdecl sf::Sound::play(void)" (?play@Sound@sf@@QEAAXXZ)
Gun.obj : error LNK2019: unresolved external symbol "public: void __cdecl sf::Sound::setBuffer(class sf::SoundBuffer const &)" (?setBuffer@Sound@sf@@QEAAXAEBVSoundBuffer@2@@Z) referenced in function "public: void __cdecl Gun::setSound(void)" (?setSound@Gun@@QEAAXXZ)
main.obj : error LNK2001: unresolved external symbol "public: void __cdecl sf::Sound::setBuffer(class sf::SoundBuffer const &)" (?setBuffer@Sound@sf@@QEAAXAEBVSoundBuffer@2@@Z)
Gun.obj : error LNK2019: unresolved external symbol "public: __cdecl sf::SoundBuffer::SoundBuffer(void)" (??0SoundBuffer@sf@@QEAA@XZ) referenced in function "public: __cdecl Gun::Gun(class spritelib::math::Vector3)" (??0Gun@@QEAA@VVector3@math@spritelib@@@Z)
main.obj : error LNK2001: unresolved external symbol "public: __cdecl sf::SoundBuffer::SoundBuffer(void)" (??0SoundBuffer@sf@@QEAA@XZ)
Gun.obj : error LNK2019: unresolved external symbol "public: __cdecl sf::SoundBuffer::~SoundBuffer(void)" (??1SoundBuffer@sf@@QEAA@XZ) referenced in function "int `public: __cdecl Gun::Gun(class spritelib::math::Vector3)'::`1'::dtor$2" (?dtor$2@?0???0Gun@@QEAA@VVector3@math@spritelib@@@Z@4HA)
main.obj : error LNK2001: unresolved external symbol "public: __cdecl sf::SoundBuffer::~SoundBuffer(void)" (??1SoundBuffer@sf@@QEAA@XZ)
Gun.obj : error LNK2019: unresolved external symbol "public: bool __cdecl sf::SoundBuffer::loadFromFile(class std::basic_string<char,struct std::char_traits<char>,class std::allocator<char> > const &)" (?loadFromFile@SoundBuffer@sf@@QEAA_NAEBV?$basic_string@DU?$char_traits@D@std@@V?$allocator@D@2@@std@@@Z) referenced in function "public: void __cdecl Gun::setSound(void)" (?setSound@Gun@@QEAAXXZ)
main.obj : error LNK2001: unresolved external symbol "public: bool __cdecl sf::SoundBuffer::loadFromFile(class std::basic_string<char,struct std::char_traits<char>,class std::allocator<char> > const &)" (?loadFromFile@SoundBuffer@sf@@QEAA_NAEBV?$basic_string@DU?$char_traits@D@std@@V?$allocator@D@2@@std@@@Z)
main.obj : error LNK2019: unresolved external symbol "public: void __cdecl sf::SoundSource::setVolume(float)" (?setVolume@SoundSource@sf@@QEAAXM@Z) referenced in function main
main.obj : error LNK2019: unresolved external symbol "public: void __cdecl sf::SoundStream::play(void)" (?play@SoundStream@sf@@QEAAXXZ) referenced in function main
main.obj : error LNK2019: unresolved external symbol "public: void __cdecl sf::SoundStream::stop(void)" (?stop@SoundStream@sf@@QEAAXXZ) referenced in function main
main.obj : error LNK2019: unresolved external symbol "public: void __cdecl sf::SoundStream::setLoop(bool)" (?setLoop@SoundStream@sf@@QEAAX_N@Z) referenced in function main
main.obj : error LNK2019: unresolved external symbol "public: __cdecl sf::Music::Music(void)" (??0Music@sf@@QEAA@XZ) referenced in function main
main.obj : error LNK2019: unresolved external symbol "public: virtual __cdecl sf::Music::~Music(void)" (??1Music@sf@@UEAA@XZ) referenced in function main
main.obj : error LNK2019: unresolved external symbol "public: bool __cdecl sf::Music::openFromFile(class std::basic_string<char,struct std::char_traits<char>,class std::allocator<char> > const &)" (?openFromFile@Music@sf@@QEAA_NAEBV?$basic_string@DU?$char_traits@D@std@@V?$allocator@D@2@@std@@@Z) referenced in function main
shader.obj : error LNK2001: unresolved external symbol __glewAttachShader
shader.obj : error LNK2001: unresolved external symbol __glewCompileShader
shader.obj : error LNK2001: unresolved external symbol __glewCreateProgram
shader.obj : error LNK2001: unresolved external symbol __glewCreateShader
shader.obj : error LNK2001: unresolved external symbol __glewDeleteProgram
shader.obj : error LNK2001: unresolved external symbol __glewDeleteShader
shader.obj : error LNK2001: unresolved external symbol __glewGetShaderInfoLog
shader.obj : error LNK2001: unresolved external symbol __glewGetShaderiv
shader.obj : error LNK2001: unresolved external symbol __glewGetUniformLocation
shader.obj : error LNK2001: unresolved external symbol __glewLinkProgram
shader.obj : error LNK2001: unresolved external symbol __glewShaderSource
shader.obj : error LNK2001: unresolved external symbol __glewUniform1f
shader.obj : error LNK2001: unresolved external symbol __glewUniform1i
shader.obj : error LNK2001: unresolved external symbol __glewUniform2f
shader.obj : error LNK2001: unresolved external symbol __glewUniform3f
shader.obj : error LNK2001: unresolved external symbol __glewUniform4f
shader.obj : error LNK2001: unresolved external symbol __glewUniformMatrix4fv
shader.obj : error LNK2001: unresolved external symbol __glewUseProgram
shapes.obj : error LNK2001: unresolved external symbol __glewUseProgram
sprite.obj : error LNK2001: unresolved external symbol __glewUseProgram
text.obj : error LNK2001: unresolved external symbol __glewUseProgram
sprite.obj : error LNK2019: unresolved external symbol "public: __cdecl sf::Image::Image(void)" (??0Image@sf@@QEAA@XZ) referenced in function "public: class spritelib::Sprite & __cdecl spritelib::Sprite::load_sprite_image(class std::basic_string<char,struct std::char_traits<char>,class std::allocator<char> >,bool)" (?load_sprite_image@Sprite@spritelib@@QEAAAEAV12@V?$basic_string@DU?$char_traits@D@std@@V?$allocator@D@2@@std@@_N@Z)
sprite.obj : error LNK2019: unresolved external symbol "public: __cdecl sf::Image::~Image(void)" (??1Image@sf@@QEAA@XZ) referenced in function "public: class spritelib::Sprite & __cdecl spritelib::Sprite::load_sprite_image(class std::basic_string<char,struct std::char_traits<char>,class std::allocator<char> >,bool)" (?load_sprite_image@Sprite@spritelib@@QEAAAEAV12@V?$basic_string@DU?$char_traits@D@std@@V?$allocator@D@2@@std@@_N@Z)
sprite.obj : error LNK2019: unresolved external symbol "public: bool __cdecl sf::Image::loadFromFile(class std::basic_string<char,struct std::char_traits<char>,class std::allocator<char> > const &)" (?loadFromFile@Image@sf@@QEAA_NAEBV?$basic_string@DU?$char_traits@D@std@@V?$allocator@D@2@@std@@@Z) referenced in function "public: class spritelib::Sprite & __cdecl spritelib::Sprite::load_sprite_image(class std::basic_string<char,struct std::char_traits<char>,class std::allocator<char> >,bool)" (?load_sprite_image@Sprite@spritelib@@QEAAAEAV12@V?$basic_string@DU?$char_traits@D@std@@V?$allocator@D@2@@std@@_N@Z)
sprite.obj : error LNK2019: unresolved external symbol "public: void __cdecl sf::Image::flipVertically(void)" (?flipVertically@Image@sf@@QEAAXXZ) referenced in function "public: class spritelib::Sprite & __cdecl spritelib::Sprite::load_sprite_image(class std::basic_string<char,struct std::char_traits<char>,class std::allocator<char> >,bool)" (?load_sprite_image@Sprite@spritelib@@QEAAAEAV12@V?$basic_string@DU?$char_traits@D@std@@V?$allocator@D@2@@std@@_N@Z)
sprite.obj : error LNK2019: unresolved external symbol "public: __cdecl sf::Texture::Texture(void)" (??0Texture@sf@@QEAA@XZ) referenced in function "public: __cdecl std::pair<class std::basic_string<char,struct std::char_traits<char>,class std::allocator<char> > const ,class sf::Texture>::pair<class std::basic_string<char,struct std::char_traits<char>,class std::allocator<char> > const ,class sf::Texture><class std::tuple<class std::basic_string<char,struct std::char_traits<char>,class std::allocator<char> > const &>,class std::tuple<>,0>(class std::tuple<class std::basic_string<char,struct std::char_traits<char>,class std::allocator<char> > const &> &,class std::tuple<> &,struct std::integer_sequence<unsigned __int64,0>,struct std::integer_sequence<unsigned __int64>)" (??$?0V?$tuple@AEBV?$basic_string@DU?$char_traits@D@std@@V?$allocator@D@2@@std@@@std@@V?$tuple@$$V@1@$0A@$$Z$S@?$pair@$$CBV?$basic_string@DU?$char_traits@D@std@@V?$allocator@D@2@@std@@VTexture@sf@@@std@@QEAA@AEAV?$tuple@AEBV?$basic_string@DU?$char_traits@D@std@@V?$allocator@D@2@@std@@@1@AEAV?$tuple@$$V@1@U?$integer_sequence@_K$0A@@1@U?$integer_sequence@_K$S@1@@Z)
text.obj : error LNK2001: unresolved external symbol "public: __cdecl sf::Texture::Texture(void)" (??0Texture@sf@@QEAA@XZ)
sprite.obj : error LNK2019: unresolved external symbol "public: __cdecl sf::Texture::~Texture(void)" (??1Texture@sf@@QEAA@XZ) referenced in function "public: __cdecl std::pair<class std::basic_string<char,struct std::char_traits<char>,class std::allocator<char> > const ,class sf::Texture>::~pair<class std::basic_string<char,struct std::char_traits<char>,class std::allocator<char> > const ,class sf::Texture>(void)" (??1?$pair@$$CBV?$basic_string@DU?$char_traits@D@std@@V?$allocator@D@2@@std@@VTexture@sf@@@std@@QEAA@XZ)
text.obj : error LNK2001: unresolved external symbol "public: __cdecl sf::Texture::~Texture(void)" (??1Texture@sf@@QEAA@XZ)
sprite.obj : error LNK2019: unresolved external symbol "public: bool __cdecl sf::Texture::loadFromImage(class sf::Image const &,class sf::Rect<int> const &)" (?loadFromImage@Texture@sf@@QEAA_NAEBVImage@2@AEBV?$Rect@H@2@@Z) referenced in function "public: class spritelib::Sprite & __cdecl spritelib::Sprite::load_sprite_image(class std::basic_string<char,struct std::char_traits<char>,class std::allocator<char> >,bool)" (?load_sprite_image@Sprite@spritelib@@QEAAAEAV12@V?$basic_string@DU?$char_traits@D@std@@V?$allocator@D@2@@std@@_N@Z)
sprite.obj : error LNK2019: unresolved external symbol "public: class sf::Vector2<unsigned int> __cdecl sf::Texture::getSize(void)const " (?getSize@Texture@sf@@QEBA?AV?$Vector2@I@2@XZ) referenced in function "public: class spritelib::Sprite & __cdecl spritelib::Sprite::draw(void)" (?draw@Sprite@spritelib@@QEAAAEAV12@XZ)
text.obj : error LNK2001: unresolved external symbol "public: class sf::Vector2<unsigned int> __cdecl sf::Texture::getSize(void)const " (?getSize@Texture@sf@@QEBA?AV?$Vector2@I@2@XZ)
sprite.obj : error LNK2019: unresolved external symbol "public: class sf::Texture & __cdecl sf::Texture::operator=(class sf::Texture const &)" (??4Texture@sf@@QEAAAEAV01@AEBV01@@Z) referenced in function "public: class spritelib::Sprite & __cdecl spritelib::Sprite::load_sprite_image(class std::basic_string<char,struct std::char_traits<char>,class std::allocator<char> >,bool)" (?load_sprite_image@Sprite@spritelib@@QEAAAEAV12@V?$basic_string@DU?$char_traits@D@std@@V?$allocator@D@2@@std@@_N@Z)
text.obj : error LNK2001: unresolved external symbol "public: class sf::Texture & __cdecl sf::Texture::operator=(class sf::Texture const &)" (??4Texture@sf@@QEAAAEAV01@AEBV01@@Z)
sprite.obj : error LNK2019: unresolved external symbol "public: unsigned int __cdecl sf::Texture::getNativeHandle(void)const " (?getNativeHandle@Texture@sf@@QEBAIXZ) referenced in function "public: class spritelib::Sprite & __cdecl spritelib::Sprite::draw(void)" (?draw@Sprite@spritelib@@QEAAAEAV12@XZ)
text.obj : error LNK2001: unresolved external symbol "public: unsigned int __cdecl sf::Texture::getNativeHandle(void)const " (?getNativeHandle@Texture@sf@@QEBAIXZ)
sprite.obj : error LNK2001: unresolved external symbol __glewActiveTexture
text.obj : error LNK2001: unresolved external symbol __glewActiveTexture
sprite.obj : error LNK2001: unresolved external symbol __glewBindBuffer
sprite.obj : error LNK2001: unresolved external symbol __glewBufferData
sprite.obj : error LNK2001: unresolved external symbol __glewDeleteBuffers
sprite.obj : error LNK2001: unresolved external symbol __glewGenBuffers
sprite.obj : error LNK2001: unresolved external symbol __glewDisableVertexAttribArray
sprite.obj : error LNK2001: unresolved external symbol __glewEnableVertexAttribArray
sprite.obj : error LNK2001: unresolved external symbol __glewVertexAttribPointer
sprite.obj : error LNK2001: unresolved external symbol __glewBindVertexArray
sprite.obj : error LNK2001: unresolved external symbol __glewDeleteVertexArrays
sprite.obj : error LNK2001: unresolved external symbol __glewGenVertexArrays
text.obj : error LNK2019: unresolved external symbol "public: __cdecl sf::Font::Font(void)" (??0Font@sf@@QEAA@XZ) referenced in function "public: __cdecl std::pair<class std::basic_string<char,struct std::char_traits<char>,class std::allocator<char> > const ,class sf::Font>::pair<class std::basic_string<char,struct std::char_traits<char>,class std::allocator<char> > const ,class sf::Font><class std::tuple<class std::basic_string<char,struct std::char_traits<char>,class std::allocator<char> > const &>,class std::tuple<>,0>(class std::tuple<class std::basic_string<char,struct std::char_traits<char>,class std::allocator<char> > const &> &,class std::tuple<> &,struct std::integer_sequence<unsigned __int64,0>,struct std::integer_sequence<unsigned __int64>)" (??$?0V?$tuple@AEBV?$basic_string@DU?$char_traits@D@std@@V?$allocator@D@2@@std@@@std@@V?$tuple@$$V@1@$0A@$$Z$S@?$pair@$$CBV?$basic_string@DU?$char_traits@D@std@@V?$allocator@D@2@@std@@VFont@sf@@@std@@QEAA@AEAV?$tuple@AEBV?$basic_string@DU?$char_traits@D@std@@V?$allocator@D@2@@std@@@1@AEAV?$tuple@$$V@1@U?$integer_sequence@_K$0A@@1@U?$integer_sequence@_K$S@1@@Z)
text.obj : error LNK2019: unresolved external symbol "public: __cdecl sf::Font::Font(class sf::Font const &)" (??0Font@sf@@QEAA@AEBV01@@Z) referenced in function "public: static void __cdecl spritelib::Text::draw_string(class std::basic_string<char,struct std::char_traits<char>,class std::allocator<char> >,class std::basic_string<char,struct std::char_traits<char>,class std::allocator<char> >,float,float,float)" (?draw_string@Text@spritelib@@SAXV?$basic_string@DU?$char_traits@D@std@@V?$allocator@D@2@@std@@0MMM@Z)
text.obj : error LNK2019: unresolved external symbol "public: __cdecl sf::Font::~Font(void)" (??1Font@sf@@QEAA@XZ) referenced in function "public: __cdecl std::pair<class std::basic_string<char,struct std::char_traits<char>,class std::allocator<char> > const ,class sf::Font>::~pair<class std::basic_string<char,struct std::char_traits<char>,class std::allocator<char> > const ,class sf::Font>(void)" (??1?$pair@$$CBV?$basic_string@DU?$char_traits@D@std@@V?$allocator@D@2@@std@@VFont@sf@@@std@@QEAA@XZ)
text.obj : error LNK2019: unresolved external symbol "public: bool __cdecl sf::Font::loadFromFile(class std::basic_string<char,struct std::char_traits<char>,class std::allocator<char> > const &)" (?loadFromFile@Font@sf@@QEAA_NAEBV?$basic_string@DU?$char_traits@D@std@@V?$allocator@D@2@@std@@@Z) referenced in function "public: static void __cdecl spritelib::Text::load_font(class std::basic_string<char,struct std::char_traits<char>,class std::allocator<char> >,class std::basic_string<char,struct std::char_traits<char>,class std::allocator<char> >)" (?load_font@Text@spritelib@@SAXV?$basic_string@DU?$char_traits@D@std@@V?$allocator@D@2@@std@@0@Z)
text.obj : error LNK2019: unresolved external symbol "public: class sf::Glyph const & __cdecl sf::Font::getGlyph(unsigned int,unsigned int,bool,float)const " (?getGlyph@Font@sf@@QEBAAEBVGlyph@2@II_NM@Z) referenced in function "public: static void __cdecl spritelib::Text::draw_string(class std::basic_string<char,struct std::char_traits<char>,class std::allocator<char> >,class std::basic_string<char,struct std::char_traits<char>,class std::allocator<char> >,float,float,float)" (?draw_string@Text@spritelib@@SAXV?$basic_string@DU?$char_traits@D@std@@V?$allocator@D@2@@std@@0MMM@Z)
text.obj : error LNK2019: unresolved external symbol "public: float __cdecl sf::Font::getKerning(unsigned int,unsigned int,unsigned int)const " (?getKerning@Font@sf@@QEBAMIII@Z) referenced in function "public: static void __cdecl spritelib::Text::draw_string(class std::basic_string<char,struct std::char_traits<char>,class std::allocator<char> >,class std::basic_string<char,struct std::char_traits<char>,class std::allocator<char> >,float,float,float)" (?draw_string@Text@spritelib@@SAXV?$basic_string@DU?$char_traits@D@std@@V?$allocator@D@2@@std@@0MMM@Z)
text.obj : error LNK2019: unresolved external symbol "public: float __cdecl sf::Font::getLineSpacing(unsigned int)const " (?getLineSpacing@Font@sf@@QEBAMI@Z) referenced in function "public: static void __cdecl spritelib::Text::draw_string(class std::basic_string<char,struct std::char_traits<char>,class std::allocator<char> >,class std::basic_string<char,struct std::char_traits<char>,class std::allocator<char> >,float,float,float)" (?draw_string@Text@spritelib@@SAXV?$basic_string@DU?$char_traits@D@std@@V?$allocator@D@2@@std@@0MMM@Z)
text.obj : error LNK2019: unresolved external symbol "public: class sf::Texture const & __cdecl sf::Font::getTexture(unsigned int)const " (?getTexture@Font@sf@@QEBAAEBVTexture@2@I@Z) referenced in function "public: static void __cdecl spritelib::Text::load_font(class std::basic_string<char,struct std::char_traits<char>,class std::allocator<char> >,class std::basic_string<char,struct std::char_traits<char>,class std::allocator<char> >)" (?load_font@Text@spritelib@@SAXV?$basic_string@DU?$char_traits@D@std@@V?$allocator@D@2@@std@@0@Z)
text.obj : error LNK2019: unresolved external symbol "public: class sf::Font & __cdecl sf::Font::operator=(class sf::Font const &)" (??4Font@sf@@QEAAAEAV01@AEBV01@@Z) referenced in function "public: static void __cdecl spritelib::Text::load_font(class std::basic_string<char,struct std::char_traits<char>,class std::allocator<char> >,class std::basic_string<char,struct std::char_traits<char>,class std::allocator<char> >)" (?load_font@Text@spritelib@@SAXV?$basic_string@DU?$char_traits@D@std@@V?$allocator@D@2@@std@@0@Z)
window.obj : error LNK2019: unresolved external symbol "public: __cdecl sf::String::String(class std::basic_string<char,struct std::char_traits<char>,class std::allocator<char> > const &,class std::locale const &)" (??0String@sf@@QEAA@AEBV?$basic_string@DU?$char_traits@D@std@@V?$allocator@D@2@@std@@AEBVlocale@3@@Z) referenced in function "public: class spritelib::Window & __cdecl spritelib::Window::init(class std::basic_string<char,struct std::char_traits<char>,class std::allocator<char> >,unsigned int,unsigned int,bool)" (?init@Window@spritelib@@QEAAAEAV12@V?$basic_string@DU?$char_traits@D@std@@V?$allocator@D@2@@std@@II_N@Z)
window.obj : error LNK2019: unresolved external symbol "public: __cdecl sf::VideoMode::VideoMode(unsigned int,unsigned int,unsigned int)" (??0VideoMode@sf@@QEAA@III@Z) referenced in function "public: class spritelib::Window & __cdecl spritelib::Window::init(class std::basic_string<char,struct std::char_traits<char>,class std::allocator<char> >,unsigned int,unsigned int,bool)" (?init@Window@spritelib@@QEAAAEAV12@V?$basic_string@DU?$char_traits@D@std@@V?$allocator@D@2@@std@@II_N@Z)
window.obj : error LNK2019: unresolved external symbol "public: void __cdecl sf::Window::create(class sf::VideoMode,class sf::String const &,unsigned int,struct sf::ContextSettings const &)" (?create@Window@sf@@QEAAXVVideoMode@2@AEBVString@2@IAEBUContextSettings@2@@Z) referenced in function "public: class spritelib::Window & __cdecl spritelib::Window::init(class std::basic_string<char,struct std::char_traits<char>,class std::allocator<char> >,unsigned int,unsigned int,bool)" (?init@Window@spritelib@@QEAAAEAV12@V?$basic_string@DU?$char_traits@D@std@@V?$allocator@D@2@@std@@II_N@Z)
window.obj : error LNK2019: unresolved external symbol "public: void __cdecl sf::Window::close(void)" (?close@Window@sf@@QEAAXXZ) referenced in function "public: bool __cdecl spritelib::Window::update(int)" (?update@Window@spritelib@@QEAA_NH@Z)
window.obj : error LNK2019: unresolved external symbol "public: bool __cdecl sf::Window::isOpen(void)const " (?isOpen@Window@sf@@QEBA_NXZ) referenced in function "public: bool __cdecl spritelib::Window::update(int)" (?update@Window@spritelib@@QEAA_NH@Z)
window.obj : error LNK2019: unresolved external symbol "public: bool __cdecl sf::Window::pollEvent(class sf::Event &)" (?pollEvent@Window@sf@@QEAA_NAEAVEvent@2@@Z) referenced in function "public: bool __cdecl spritelib::Window::update(int)" (?update@Window@spritelib@@QEAA_NH@Z)
window.obj : error LNK2019: unresolved external symbol "public: void __cdecl sf::Window::setTitle(class sf::String const &)" (?setTitle@Window@sf@@QEAAXAEBVString@2@@Z) referenced in function "public: class spritelib::Window & __cdecl spritelib::Window::set_title(class std::basic_string<char,struct std::char_traits<char>,class std::allocator<char> >)" (?set_title@Window@spritelib@@QEAAAEAV12@V?$basic_string@DU?$char_traits@D@std@@V?$allocator@D@2@@std@@@Z)
window.obj : error LNK2019: unresolved external symbol "public: void __cdecl sf::Window::setMouseCursorVisible(bool)" (?setMouseCursorVisible@Window@sf@@QEAAX_N@Z) referenced in function "public: class spritelib::Window & __cdecl spritelib::Window::show_mouse(bool)" (?show_mouse@Window@spritelib@@QEAAAEAV12@_N@Z)
window.obj : error LNK2019: unresolved external symbol "public: bool __cdecl sf::Window::setActive(bool)const " (?setActive@Window@sf@@QEBA_N_N@Z) referenced in function "public: class spritelib::Window & __cdecl spritelib::Window::init(class std::basic_string<char,struct std::char_traits<char>,class std::allocator<char> >,unsigned int,unsigned int,bool)" (?init@Window@spritelib@@QEAAAEAV12@V?$basic_string@DU?$char_traits@D@std@@V?$allocator@D@2@@std@@II_N@Z)
window.obj : error LNK2019: unresolved external symbol "public: void __cdecl sf::Window::display(void)" (?display@Window@sf@@QEAAXXZ) referenced in function "private: __cdecl spritelib::Window::Window(void)" (??0Window@spritelib@@AEAA@XZ)
window.obj : error LNK2019: unresolved external symbol "public: struct HWND__ * __cdecl sf::Window::getSystemHandle(void)const " (?getSystemHandle@Window@sf@@QEBAPEAUHWND__@@XZ) referenced in function "public: class spritelib::Window & __cdecl spritelib::Window::set_window_style(bool,bool)" (?set_window_style@Window@spritelib@@QEAAAEAV12@_N0@Z)
window.obj : error LNK2019: unresolved external symbol "public: __cdecl sf::Color::Color(unsigned char,unsigned char,unsigned char,unsigned char)" (??0Color@sf@@QEAA@EEEE@Z) referenced in function "private: __cdecl spritelib::Window::Window(void)" (??0Window@spritelib@@AEAA@XZ)
window.obj : error LNK2019: unresolved external symbol "public: void __cdecl sf::RenderTarget::clear(class sf::Color const &)" (?clear@RenderTarget@sf@@QEAAXAEBVColor@2@@Z) referenced in function "private: __cdecl spritelib::Window::Window(void)" (??0Window@spritelib@@AEAA@XZ)
window.obj : error LNK2019: unresolved external symbol "public: __cdecl sf::RenderWindow::RenderWindow(void)" (??0RenderWindow@sf@@QEAA@XZ) referenced in function "private: __cdecl spritelib::Window::Window(void)" (??0Window@spritelib@@AEAA@XZ)
window.obj : error LNK2019: unresolved external symbol glewInit referenced in function "public: class spritelib::Window & __cdecl spritelib::Window::init(class std::basic_string<char,struct std::char_traits<char>,class std::allocator<char> >,unsigned int,unsigned int,bool)" (?init@Window@spritelib@@QEAAAEAV12@V?$basic_string@DU?$char_traits@D@std@@V?$allocator@D@2@@std@@II_N@Z)
window.obj : error LNK2001: unresolved external symbol __glewBlendFuncSeparate
C:\Users\100421055\Desktop\Wolfheim\Fixed\SpriteLib2\lib\sfml-window-s-d.lib : warning LNK4272: library machine type 'X86' conflicts with target machine type 'x64'
C:\Users\100421055\Desktop\Wolfheim\Fixed\SpriteLib2\lib\sfml-graphics-s-d.lib : warning LNK4272: library machine type 'X86' conflicts with target machine type 'x64'
C:\Users\100421055\Desktop\Wolfheim\Fixed\SpriteLib2\lib\sfml-system-s-d.lib : warning LNK4272: library machine type 'X86' conflicts with target machine type 'x64'
C:\Users\100421055\Desktop\Wolfheim\Fixed\SpriteLib2\lib\sfml-audio-s-d.lib : warning LNK4272: library machine type 'X86' conflicts with target machine type 'x64'
C:\Users\100421055\Desktop\Wolfheim\Fixed\SpriteLib2\lib\flac.lib : warning LNK4272: library machine type 'X86' conflicts with target machine type 'x64'
C:\Users\100421055\Desktop\Wolfheim\Fixed\SpriteLib2\lib\openal32.lib : warning LNK4272: library machine type 'X86' conflicts with target machine type 'x64'
C:\Users\100421055\Desktop\Wolfheim\Fixed\SpriteLib2\lib\freetype.lib : warning LNK4272: library machine type 'X86' conflicts with target machine type 'x64'
C:\Users\100421055\Desktop\Wolfheim\Fixed\SpriteLib2\lib\jpeg.lib : warning LNK4272: library machine type 'X86' conflicts with target machine type 'x64'
C:\Users\100421055\Desktop\Wolfheim\Fixed\SpriteLib2\lib\glew32s.lib : warning LNK4272: library machine type 'X86' conflicts with target machine type 'x64'
C:\Users\100421055\Desktop\Wolfheim\Fixed\SpriteLib2\lib\vorbisenc.lib : warning LNK4272: library machine type 'X86' conflicts with target machine type 'x64'
C:\Users\100421055\Desktop\Wolfheim\Fixed\SpriteLib2\lib\vorbisfile.lib : warning LNK4272: library machine type 'X86' conflicts with target machine type 'x64'
C:\Users\100421055\Desktop\Wolfheim\Fixed\SpriteLib2\lib\vorbis.lib : warning LNK4272: library machine type 'X86' conflicts with target machine type 'x64'
C:\Users\100421055\Desktop\Wolfheim\Fixed\SpriteLib2\lib\ogg.lib : warning LNK4272: library machine type 'X86' conflicts with target machine type 'x64'
C:\Users\100421055\Desktop\Wolfheim\Fixed\x64\Debug\SpriteLib2.exe : fatal error LNK1120: 78 unresolved externals
